<?xml version="1.0" encoding="UTF-8"?>
<testng-results ignored="0" total="4" passed="4" failed="0" skipped="0">
  <reporter-output>
  </reporter-output>
  <suite started-at="2025-03-03T10:51:55Z" name="Surefire suite" finished-at="2025-03-03T10:51:56Z" duration-ms="79">
    <groups>
    </groups>
    <test started-at="2025-03-03T10:51:55Z" name="Surefire test" finished-at="2025-03-03T10:51:56Z" duration-ms="79">
      <class name="pac1.ContactTest">
        <test-method signature="createContactTest()[pri:0, instance:pac1.ContactTest@6b67034]" started-at="2025-03-03T10:51:55Z" name="createContactTest" finished-at="2025-03-03T10:51:56Z" duration-ms="24" status="PASS">
          <reporter-output>
          </reporter-output>
        </test-method> <!-- createContactTest -->
        <test-method signature="modifyContactTest()[pri:0, instance:pac1.ContactTest@6b67034]" started-at="2025-03-03T10:51:56Z" name="modifyContactTest" finished-at="2025-03-03T10:51:56Z" duration-ms="0" status="PASS">
          <reporter-output>
          </reporter-output>
        </test-method> <!-- modifyContactTest -->
      </class> <!-- pac1.ContactTest -->
      <class name="pac2.OrgTest">
        <test-method signature="createOrgTest()[pri:0, instance:pac2.OrgTest@16267862]" started-at="2025-03-03T10:51:56Z" name="createOrgTest" finished-at="2025-03-03T10:51:56Z" duration-ms="1" status="PASS">
          <reporter-output>
          </reporter-output>
        </test-method> <!-- createOrgTest -->
        <test-method signature="modifyOrgTest()[pri:0, instance:pac2.OrgTest@16267862]" started-at="2025-03-03T10:51:56Z" name="modifyOrgTest" finished-at="2025-03-03T10:51:56Z" duration-ms="1" status="PASS">
          <reporter-output>
          </reporter-output>
        </test-method> <!-- modifyOrgTest -->
      </class> <!-- pac2.OrgTest -->
    </test> <!-- Surefire test -->
  </suite> <!-- Surefire suite -->
</testng-results>
